TN:
SF:/mnt/d/projects/node-mongo/src/MongoQueryService.js
FN:5,(anonymous_0)
FN:14,(anonymous_1)
FN:29,(anonymous_2)
FN:65,(anonymous_3)
FN:83,(anonymous_4)
FN:94,(anonymous_5)
FN:104,(anonymous_6)
FN:116,(anonymous_7)
FN:123,(anonymous_8)
FN:138,(anonymous_9)
FN:146,(anonymous_10)
FN:147,(anonymous_11)
FN:149,(anonymous_12)
FN:165,(anonymous_13)
FNF:14
FNH:1
FNDA:4,(anonymous_0)
FNDA:0,(anonymous_1)
FNDA:0,(anonymous_2)
FNDA:0,(anonymous_3)
FNDA:0,(anonymous_4)
FNDA:0,(anonymous_5)
FNDA:0,(anonymous_6)
FNDA:0,(anonymous_7)
FNDA:0,(anonymous_8)
FNDA:0,(anonymous_9)
FNDA:0,(anonymous_10)
FNDA:0,(anonymous_11)
FNDA:0,(anonymous_12)
FNDA:0,(anonymous_13)
DA:1,1
DA:2,1
DA:6,4
DA:7,4
DA:8,4
DA:15,0
DA:30,0
DA:31,0
DA:32,0
DA:33,0
DA:34,0
DA:35,0
DA:37,0
DA:38,0
DA:40,0
DA:41,0
DA:42,0
DA:47,0
DA:48,0
DA:50,0
DA:66,0
DA:67,0
DA:68,0
DA:74,0
DA:84,0
DA:95,0
DA:105,0
DA:106,0
DA:117,0
DA:124,0
DA:145,0
DA:146,0
DA:147,0
DA:148,0
DA:150,0
DA:151,0
DA:152,0
DA:153,0
DA:154,0
DA:155,0
DA:158,0
DA:159,0
DA:160,0
DA:163,0
DA:166,0
DA:173,1
LF:46
LH:6
BRDA:5,0,0,0
BRDA:29,1,0,0
BRDA:29,2,0,0
BRDA:33,3,0,0
BRDA:33,3,1,0
BRDA:41,4,0,0
BRDA:41,4,1,0
BRDA:48,5,0,0
BRDA:48,5,1,0
BRDA:65,6,0,0
BRDA:65,7,0,0
BRDA:67,8,0,0
BRDA:67,8,1,0
BRDA:74,9,0,0
BRDA:74,9,1,0
BRDA:138,10,0,0
BRDA:150,11,0,0
BRDA:150,11,1,0
BRDA:150,12,0,0
BRDA:150,12,1,0
BRDA:153,13,0,0
BRDA:153,13,1,0
BRDA:153,14,0,0
BRDA:153,14,1,0
BRDA:158,15,0,0
BRDA:158,15,1,0
BRF:26
BRH:0
end_of_record
TN:
SF:/mnt/d/projects/node-mongo/src/MongoService.js
FN:10,(anonymous_0)
FN:16,(anonymous_1)
FN:19,(anonymous_2)
FN:25,(anonymous_3)
FN:52,(anonymous_4)
FN:59,(anonymous_5)
FN:71,(anonymous_6)
FN:77,(anonymous_7)
FN:88,(anonymous_8)
FN:106,(anonymous_9)
FN:138,(anonymous_10)
FN:142,(anonymous_11)
FN:157,(anonymous_12)
FN:159,(anonymous_13)
FN:164,(anonymous_14)
FN:166,(anonymous_15)
FN:176,(anonymous_16)
FN:179,(anonymous_17)
FN:184,(anonymous_18)
FN:207,(anonymous_19)
FN:208,(anonymous_20)
FN:229,(anonymous_21)
FN:233,(anonymous_22)
FN:240,(anonymous_23)
FNF:24
FNH:4
FNDA:4,(anonymous_0)
FNDA:0,(anonymous_1)
FNDA:0,(anonymous_2)
FNDA:1,(anonymous_3)
FNDA:0,(anonymous_4)
FNDA:0,(anonymous_5)
FNDA:1,(anonymous_6)
FNDA:1,(anonymous_7)
FNDA:0,(anonymous_8)
FNDA:0,(anonymous_9)
FNDA:0,(anonymous_10)
FNDA:0,(anonymous_11)
FNDA:0,(anonymous_12)
FNDA:0,(anonymous_13)
FNDA:0,(anonymous_14)
FNDA:0,(anonymous_15)
FNDA:0,(anonymous_16)
FNDA:0,(anonymous_17)
FNDA:0,(anonymous_18)
FNDA:0,(anonymous_19)
FNDA:0,(anonymous_20)
FNDA:0,(anonymous_21)
FNDA:0,(anonymous_22)
FNDA:0,(anonymous_23)
DA:1,1
DA:2,1
DA:3,1
DA:4,1
DA:5,1
DA:7,1
DA:11,4
DA:13,4
DA:14,4
DA:15,4
DA:17,0
DA:20,0
DA:26,1
DA:27,0
DA:29,0
DA:30,0
DA:32,0
DA:33,0
DA:37,0
DA:39,0
DA:53,0
DA:60,0
DA:72,1
DA:73,1
DA:74,1
DA:77,1
DA:78,1
DA:79,1
DA:80,1
DA:82,1
DA:84,1
DA:87,1
DA:88,0
DA:89,0
DA:94,0
DA:107,0
DA:108,0
DA:111,0
DA:112,0
DA:113,0
DA:118,0
DA:119,0
DA:120,0
DA:121,0
DA:123,0
DA:125,0
DA:130,0
DA:139,0
DA:140,0
DA:142,0
DA:143,0
DA:148,0
DA:158,0
DA:160,0
DA:165,0
DA:167,0
DA:168,0
DA:170,0
DA:171,0
DA:172,0
DA:178,0
DA:180,0
DA:182,0
DA:185,0
DA:186,0
DA:191,0
DA:196,0
DA:208,0
DA:209,0
DA:210,0
DA:211,0
DA:212,0
DA:213,0
DA:230,0
DA:232,0
DA:233,0
DA:234,0
DA:235,0
DA:237,0
DA:240,0
DA:241,0
DA:242,0
DA:244,0
DA:245,0
DA:247,0
DA:249,0
DA:254,0
DA:258,1
LF:88
LH:22
BRDA:10,0,0,0
BRDA:10,1,0,4
BRDA:16,2,0,0
BRDA:26,3,0,0
BRDA:26,3,1,1
BRDA:29,4,0,0
BRDA:29,4,1,0
BRDA:30,5,0,0
BRDA:30,5,1,0
BRDA:32,6,0,0
BRDA:32,6,1,0
BRDA:32,7,0,0
BRDA:32,7,1,0
BRDA:32,7,2,0
BRDA:35,8,0,0
BRDA:35,8,1,0
BRDA:73,9,0,1
BRDA:73,9,1,0
BRDA:79,10,0,1
BRDA:79,10,1,0
BRDA:94,11,0,0
BRDA:94,11,1,0
BRDA:107,12,0,0
BRDA:107,12,1,0
BRDA:112,13,0,0
BRDA:112,13,1,0
BRDA:167,14,0,0
BRDA:167,14,1,0
BRDA:176,15,0,0
BRDA:185,16,0,0
BRDA:185,16,1,0
BRDA:212,17,0,0
BRDA:212,17,1,0
BRDA:232,18,0,0
BRDA:232,18,1,0
BRDA:241,19,0,0
BRDA:241,19,1,0
BRDA:247,20,0,0
BRDA:247,20,1,0
BRDA:247,21,0,0
BRDA:247,21,1,0
BRF:41
BRH:4
end_of_record
TN:
SF:/mnt/d/projects/node-mongo/src/MongoService.test.js
FN:31,(anonymous_0)
FN:33,(anonymous_1)
FN:35,(anonymous_2)
FN:36,(anonymous_3)
FN:50,(anonymous_4)
FN:58,(anonymous_5)
FN:63,(anonymous_6)
FN:69,(anonymous_7)
FN:71,(anonymous_8)
FN:75,(anonymous_9)
FN:81,(anonymous_10)
FN:82,(anonymous_11)
FN:88,(anonymous_12)
FN:91,(anonymous_13)
FN:96,(anonymous_14)
FN:98,(anonymous_15)
FN:105,(anonymous_16)
FN:107,(anonymous_17)
FN:111,(anonymous_18)
FN:115,(anonymous_19)
FN:116,(anonymous_20)
FN:124,(anonymous_21)
FN:136,(anonymous_22)
FN:138,(anonymous_23)
FN:145,(anonymous_24)
FN:147,(anonymous_25)
FN:154,(anonymous_26)
FN:162,(anonymous_27)
FN:164,(anonymous_28)
FN:171,(anonymous_29)
FN:178,(anonymous_30)
FN:190,(anonymous_31)
FN:198,(anonymous_32)
FN:206,(anonymous_33)
FN:218,(anonymous_34)
FN:233,(anonymous_35)
FN:248,(anonymous_36)
FNF:37
FNH:4
FNDA:0,(anonymous_0)
FNDA:0,(anonymous_1)
FNDA:1,(anonymous_2)
FNDA:1,(anonymous_3)
FNDA:1,(anonymous_4)
FNDA:1,(anonymous_5)
FNDA:0,(anonymous_6)
FNDA:0,(anonymous_7)
FNDA:0,(anonymous_8)
FNDA:0,(anonymous_9)
FNDA:0,(anonymous_10)
FNDA:0,(anonymous_11)
FNDA:0,(anonymous_12)
FNDA:0,(anonymous_13)
FNDA:0,(anonymous_14)
FNDA:0,(anonymous_15)
FNDA:0,(anonymous_16)
FNDA:0,(anonymous_17)
FNDA:0,(anonymous_18)
FNDA:0,(anonymous_19)
FNDA:0,(anonymous_20)
FNDA:0,(anonymous_21)
FNDA:0,(anonymous_22)
FNDA:0,(anonymous_23)
FNDA:0,(anonymous_24)
FNDA:0,(anonymous_25)
FNDA:0,(anonymous_26)
FNDA:0,(anonymous_27)
FNDA:0,(anonymous_28)
FNDA:0,(anonymous_29)
FNDA:0,(anonymous_30)
FNDA:0,(anonymous_31)
FNDA:0,(anonymous_32)
FNDA:0,(anonymous_33)
FNDA:0,(anonymous_34)
FNDA:0,(anonymous_35)
FNDA:0,(anonymous_36)
DA:1,1
DA:2,1
DA:3,1
DA:5,1
DA:7,1
DA:8,1
DA:10,1
DA:12,1
DA:14,1
DA:20,1
DA:31,1
DA:33,1
DA:35,1
DA:36,1
DA:37,1
DA:42,1
DA:47,1
DA:48,1
DA:50,1
DA:51,1
DA:58,1
DA:59,1
DA:60,0
DA:63,1
DA:64,0
DA:65,0
DA:66,0
DA:69,1
DA:70,0
DA:72,0
DA:75,0
DA:76,0
DA:77,0
DA:81,1
DA:82,0
DA:83,0
DA:84,0
DA:87,0
DA:89,0
DA:92,0
DA:96,1
DA:97,0
DA:98,0
DA:99,0
DA:100,0
DA:102,0
DA:105,1
DA:106,0
DA:107,0
DA:108,0
DA:109,0
DA:112,0
DA:115,0
DA:116,0
DA:117,0
DA:118,0
DA:119,0
DA:124,1
DA:127,0
DA:129,0
DA:130,0
DA:131,0
DA:132,0
DA:133,0
DA:136,1
DA:137,0
DA:138,0
DA:139,0
DA:141,0
DA:142,0
DA:145,1
DA:146,0
DA:147,0
DA:148,0
DA:150,0
DA:151,0
DA:153,0
DA:154,0
DA:155,0
DA:158,0
DA:159,0
DA:162,1
DA:163,0
DA:164,0
DA:165,0
DA:167,0
DA:168,0
DA:170,0
DA:171,0
DA:172,0
DA:174,0
DA:175,0
DA:178,1
DA:179,0
DA:180,0
DA:181,0
DA:186,0
DA:187,0
DA:190,1
DA:191,0
DA:192,0
DA:194,0
DA:195,0
DA:198,1
DA:199,0
DA:200,0
DA:202,0
DA:203,0
DA:206,1
DA:207,0
DA:208,0
DA:209,0
DA:214,0
DA:215,0
DA:218,1
DA:220,0
DA:221,0
DA:226,0
DA:229,0
DA:230,0
DA:233,1
DA:235,0
DA:236,0
DA:241,0
DA:244,0
DA:245,0
DA:248,1
DA:249,0
DA:253,0
LF:129
LH:38
BRF:0
BRH:0
end_of_record
TN:
SF:/mnt/d/projects/node-mongo/src/MongoServiceError.js
FN:2,(anonymous_0)
FNF:1
FNH:0
FNDA:0,(anonymous_0)
DA:3,0
DA:4,0
DA:5,0
DA:6,0
DA:10,1
DA:11,1
DA:12,1
DA:14,1
LF:8
LH:4
BRF:0
BRH:0
end_of_record
TN:
SF:/mnt/d/projects/node-mongo/src/idGenerator.js
FN:3,(anonymous_0)
FNF:1
FNH:1
FNDA:1,(anonymous_0)
DA:1,1
DA:3,1
DA:4,1
LF:3
LH:3
BRF:0
BRH:0
end_of_record
TN:
SF:/mnt/d/projects/node-mongo/src/index.js
FN:14,(anonymous_0)
FN:20,(anonymous_1)
FN:25,(anonymous_2)
FN:29,(anonymous_3)
FN:37,(anonymous_4)
FN:46,(anonymous_5)
FN:56,(anonymous_6)
FNF:7
FNH:3
FNDA:1,(anonymous_0)
FNDA:5,(anonymous_1)
FNDA:0,(anonymous_2)
FNDA:0,(anonymous_3)
FNDA:0,(anonymous_4)
FNDA:4,(anonymous_5)
FNDA:0,(anonymous_6)
DA:1,1
DA:2,1
DA:3,1
DA:4,1
DA:6,1
DA:14,1
DA:16,1
DA:20,1
DA:21,5
DA:22,5
DA:25,1
DA:26,0
DA:29,1
DA:30,0
DA:31,0
DA:33,0
DA:37,1
DA:38,0
DA:39,0
DA:41,0
DA:46,1
DA:47,4
DA:48,4
DA:49,2
DA:52,4
DA:53,4
DA:56,1
DA:57,0
DA:58,0
DA:61,1
DA:65,1
DA:66,1
LF:32
LH:23
BRDA:6,0,0,1
BRDA:6,0,1,0
BRDA:30,1,0,0
BRDA:30,1,1,0
BRDA:38,2,0,0
BRDA:38,2,1,0
BRDA:46,3,0,4
BRDA:48,4,0,2
BRDA:48,4,1,2
BRF:9
BRH:4
end_of_record
TN:
SF:/mnt/d/projects/node-mongo/src/index.test.js
FNF:0
FNH:0
DA:1,1
DA:2,1
LF:2
LH:2
BRF:0
BRH:0
end_of_record
TN:
SF:/mnt/d/projects/node-mongo/src/config/development.js
FNF:0
FNH:0
DA:2,1
LF:1
LH:1
BRF:0
BRH:0
end_of_record
TN:
SF:/mnt/d/projects/node-mongo/src/config/index.js
FN:18,(anonymous_0)
FNF:1
FNH:1
FNDA:1,(anonymous_0)
DA:1,1
DA:2,1
DA:3,1
DA:5,1
DA:7,1
DA:14,1
DA:16,1
DA:18,1
DA:19,1
DA:20,1
DA:21,0
DA:22,0
DA:27,1
DA:28,0
DA:30,1
DA:32,1
LF:16
LH:13
BRDA:5,0,0,1
BRDA:5,0,1,1
BRDA:9,1,0,1
BRDA:9,1,1,1
BRDA:16,2,0,1
BRDA:16,2,1,0
BRDA:20,3,0,0
BRDA:20,3,1,1
BRDA:27,4,0,0
BRDA:27,4,1,1
BRF:10
BRH:7
end_of_record
